<?xml version="1.0" encoding="UTF-8"?>
<testsuite name="com.spring.TestTest" tests="1" skipped="0" failures="0" errors="0" timestamp="2022-10-09T01:21:34" hostname="DESKTOP-7EQF3M8" time="0.016">
  <properties/>
  <testcase name="test1()" classname="com.spring.TestTest" time="0.016"/>
  <system-out><![CDATA[hello
]]></system-out>
  <system-err><![CDATA[]]></system-err>
</testsuite>
